<?xml version="1.0" encoding="UTF-8"?>
<!-- Generated by org.testng.reporters.JUnitReportReporter -->
<testsuite hostname="sumanth" name="sampletestng.Tests" tests="1" failures="0" timestamp="11 Oct 2016 02:12:43 GMT" time="9.831" errors="0">
  <testcase name="a" time="9.831" classname="sampletestng.Tests"/>
</testsuite> <!-- sampletestng.Tests -->
